    INFO | ****** RISC-V Compliance Test Generator 0.6.3 *******
    INFO | Copyright (c) 2020, InCore Semiconductors Pvt. Ltd.
    INFO | All Rights Reserved.
    INFO | Copying env folder to Output directory.
   DEBUG | Generated   24 64-bit coverpoints using Model B1 for fclass.d !
    INFO | Generating Test for :fclass_b1-fclass.d
   DEBUG | fclass.d : Generating OpComb
   DEBUG | fclass.d : Generating ValComb
    INFO | Writing tests for :fclass_b1
   DEBUG | Writing Test to /home/riscv/RRF/Reports/2022-05-03_12:33:59.495877/fclass/fclass/tests/fclass_b1-01.S
    INFO | ****** RISCOF: RISC-V Architectural Test Framework 1.23.4 *******
    INFO | using riscv_isac version : 0.11.0
    INFO | using riscv_config version : 2.12.1
   DEBUG | Creating new work directory: /home/riscv/RRF/Reports/2022-05-03_12:33:59.495877/fclass/fclass/work
    INFO | Reading configuration from: /home/riscv/config/64/config.ini
    INFO | Preparing Models
   DEBUG | Path entry found: /home/riscv/sail_cSim
   DEBUG | Using the path: /home/riscv/sail_cSim
   DEBUG | Path entry found: /home/riscv/sail_cSim
   DEBUG | Using the path: /home/riscv/sail_cSim
   DEBUG | Importing sail_cSim plugin from: /home/riscv/sail_cSim
   DEBUG | SAIL CSim plugin initialised using the following configuration.
   DEBUG | pluginpath : /home/riscv/sail_cSim
   DEBUG | ispec : /home/riscv/sail_cSim/64/sail_cSim_isa.yaml
   DEBUG | pspec : /home/riscv/sail_cSim/64/sail_cSim_platform.yaml
   DEBUG | target_run : 1
   DEBUG | jobs : 12
   DEBUG | Importing sail_cSim plugin from: /home/riscv/sail_cSim
   DEBUG | SAIL CSim plugin initialised using the following configuration.
   DEBUG | pluginpath : /home/riscv/sail_cSim
   DEBUG | ispec : /home/riscv/sail_cSim/64/sail_cSim_isa.yaml
   DEBUG | pspec : /home/riscv/sail_cSim/64/sail_cSim_platform.yaml
   DEBUG | target_run : 1
   DEBUG | jobs : 12
    INFO | Input-ISA file
    INFO | Loading input file: /home/riscv/sail_cSim/64/sail_cSim_isa.yaml
    INFO | Load Schema /home/riscv/.local/lib/python3.6/site-packages/riscv_config/schemas/schema_isa.yaml
    INFO | Processing Hart: hart0
    INFO | Initiating Validation
   DEBUG | Checking for isLegal for WARL: 
	dependency_fields: []
legal:
   - scounteren[31:0] in [0x00000000]
wr_illegal:
   - unchanged

 With following args:val : 9223372036854775808 dep_vals :[]
   DEBUG | Checking for isLegal for WARL: 
	dependency_fields: []
legal:
   - scounteren[31:0] in [0x00000000]
wr_illegal:
   - unchanged

 With following args:val : 4611686018427387904 dep_vals :[]
   DEBUG | Checking for isLegal for WARL: 
	dependency_fields: []
legal:
   - scounteren[31:0] in [0x00000000]
wr_illegal:
   - unchanged

 With following args:val : 2305843009213693952 dep_vals :[]
   DEBUG | Checking for isLegal for WARL: 
	dependency_fields: []
legal:
   - scounteren[31:0] in [0x00000000]
wr_illegal:
   - unchanged

 With following args:val : 1152921504606846976 dep_vals :[]
   DEBUG | Checking for isLegal for WARL: 
	dependency_fields: []
legal:
   - scounteren[31:0] in [0x00000000]
wr_illegal:
   - unchanged

 With following args:val : 576460752303423488 dep_vals :[]
   DEBUG | Checking for isLegal for WARL: 
	dependency_fields: []
legal:
   - scounteren[31:0] in [0x00000000]
wr_illegal:
   - unchanged

 With following args:val : 288230376151711744 dep_vals :[]
   DEBUG | Checking for isLegal for WARL: 
	dependency_fields: []
legal:
   - scounteren[31:0] in [0x00000000]
wr_illegal:
   - unchanged

 With following args:val : 144115188075855872 dep_vals :[]
   DEBUG | Checking for isLegal for WARL: 
	dependency_fields: []
legal:
   - scounteren[31:0] in [0x00000000]
wr_illegal:
   - unchanged

 With following args:val : 72057594037927936 dep_vals :[]
   DEBUG | Checking for isLegal for WARL: 
	dependency_fields: []
legal:
   - scounteren[31:0] in [0x00000000]
wr_illegal:
   - unchanged

 With following args:val : 36028797018963968 dep_vals :[]
   DEBUG | Checking for isLegal for WARL: 
	dependency_fields: []
legal:
   - scounteren[31:0] in [0x00000000]
wr_illegal:
   - unchanged

 With following args:val : 18014398509481984 dep_vals :[]
   DEBUG | Checking for isLegal for WARL: 
	dependency_fields: []
legal:
   - scounteren[31:0] in [0x00000000]
wr_illegal:
   - unchanged

 With following args:val : 9007199254740992 dep_vals :[]
   DEBUG | Checking for isLegal for WARL: 
	dependency_fields: []
legal:
   - scounteren[31:0] in [0x00000000]
wr_illegal:
   - unchanged

 With following args:val : 4503599627370496 dep_vals :[]
   DEBUG | Checking for isLegal for WARL: 
	dependency_fields: []
legal:
   - scounteren[31:0] in [0x00000000]
wr_illegal:
   - unchanged

 With following args:val : 2251799813685248 dep_vals :[]
   DEBUG | Checking for isLegal for WARL: 
	dependency_fields: []
legal:
   - scounteren[31:0] in [0x00000000]
wr_illegal:
   - unchanged

 With following args:val : 1125899906842624 dep_vals :[]
   DEBUG | Checking for isLegal for WARL: 
	dependency_fields: []
legal:
   - scounteren[31:0] in [0x00000000]
wr_illegal:
   - unchanged

 With following args:val : 562949953421312 dep_vals :[]
   DEBUG | Checking for isLegal for WARL: 
	dependency_fields: []
legal:
   - scounteren[31:0] in [0x00000000]
wr_illegal:
   - unchanged

 With following args:val : 281474976710656 dep_vals :[]
   DEBUG | Checking for isLegal for WARL: 
	dependency_fields: []
legal:
   - scounteren[31:0] in [0x00000000]
wr_illegal:
   - unchanged

 With following args:val : 140737488355328 dep_vals :[]
   DEBUG | Checking for isLegal for WARL: 
	dependency_fields: []
legal:
   - scounteren[31:0] in [0x00000000]
wr_illegal:
   - unchanged

 With following args:val : 70368744177664 dep_vals :[]
   DEBUG | Checking for isLegal for WARL: 
	dependency_fields: []
legal:
   - scounteren[31:0] in [0x00000000]
wr_illegal:
   - unchanged

 With following args:val : 35184372088832 dep_vals :[]
   DEBUG | Checking for isLegal for WARL: 
	dependency_fields: []
legal:
   - scounteren[31:0] in [0x00000000]
wr_illegal:
   - unchanged

 With following args:val : 17592186044416 dep_vals :[]
   DEBUG | Checking for isLegal for WARL: 
	dependency_fields: []
legal:
   - scounteren[31:0] in [0x00000000]
wr_illegal:
   - unchanged

 With following args:val : 8796093022208 dep_vals :[]
   DEBUG | Checking for isLegal for WARL: 
	dependency_fields: []
legal:
   - scounteren[31:0] in [0x00000000]
wr_illegal:
   - unchanged

 With following args:val : 4398046511104 dep_vals :[]
   DEBUG | Checking for isLegal for WARL: 
	dependency_fields: []
legal:
   - scounteren[31:0] in [0x00000000]
wr_illegal:
   - unchanged

 With following args:val : 2199023255552 dep_vals :[]
   DEBUG | Checking for isLegal for WARL: 
	dependency_fields: []
legal:
   - scounteren[31:0] in [0x00000000]
wr_illegal:
   - unchanged

 With following args:val : 1099511627776 dep_vals :[]
   DEBUG | Checking for isLegal for WARL: 
	dependency_fields: []
legal:
   - scounteren[31:0] in [0x00000000]
wr_illegal:
   - unchanged

 With following args:val : 549755813888 dep_vals :[]
   DEBUG | Checking for isLegal for WARL: 
	dependency_fields: []
legal:
   - scounteren[31:0] in [0x00000000]
wr_illegal:
   - unchanged

 With following args:val : 274877906944 dep_vals :[]
   DEBUG | Checking for isLegal for WARL: 
	dependency_fields: []
legal:
   - scounteren[31:0] in [0x00000000]
wr_illegal:
   - unchanged

 With following args:val : 137438953472 dep_vals :[]
   DEBUG | Checking for isLegal for WARL: 
	dependency_fields: []
legal:
   - scounteren[31:0] in [0x00000000]
wr_illegal:
   - unchanged

 With following args:val : 68719476736 dep_vals :[]
   DEBUG | Checking for isLegal for WARL: 
	dependency_fields: []
legal:
   - scounteren[31:0] in [0x00000000]
wr_illegal:
   - unchanged

 With following args:val : 34359738368 dep_vals :[]
   DEBUG | Checking for isLegal for WARL: 
	dependency_fields: []
legal:
   - scounteren[31:0] in [0x00000000]
wr_illegal:
   - unchanged

 With following args:val : 17179869184 dep_vals :[]
   DEBUG | Checking for isLegal for WARL: 
	dependency_fields: []
legal:
   - scounteren[31:0] in [0x00000000]
wr_illegal:
   - unchanged

 With following args:val : 8589934592 dep_vals :[]
   DEBUG | Checking for isLegal for WARL: 
	dependency_fields: []
legal:
   - scounteren[31:0] in [0x00000000]
wr_illegal:
   - unchanged

 With following args:val : 4294967296 dep_vals :[]
   DEBUG | Checking for isLegal for WARL: 
	dependency_fields: []
legal:
   - scounteren[31:0] in [0x00000000]
wr_illegal:
   - unchanged

 With following args:val : 2147483648 dep_vals :[]
   DEBUG | Checking for isLegal for WARL: 
	dependency_fields: []
legal:
   - scounteren[31:0] in [0x00000000]
wr_illegal:
   - unchanged

 With following args:val : 1073741824 dep_vals :[]
   DEBUG | Checking for isLegal for WARL: 
	dependency_fields: []
legal:
   - scounteren[31:0] in [0x00000000]
wr_illegal:
   - unchanged

 With following args:val : 536870912 dep_vals :[]
    INFO | No errors for Hart: 0 :)
    INFO | Initiating post processing and reset value checks.
   DEBUG | Checking Reset fields for: misa
   DEBUG | --> Subfield: extensions
   DEBUG | Checking for isLegal for WARL: 
	dependency_fields: []
legal:
   - extensions[25:0] bitmask [0x112c, 0x00000000]
wr_illegal:
   - unchanged

 With following args:val : 4396 dep_vals :[]
   DEBUG | --> Subfield: mxl
   DEBUG | Checking for isLegal for WARL: 
	dependency_fields: []
legal:
   - mxl[1:0] in [0x2]
wr_illegal:
   - unchanged

 With following args:val : 2 dep_vals :[]
   DEBUG | Checking Reset fields for: mstatus
   DEBUG | --> Subfield: mie
   DEBUG | --> Subfield: mpie
   DEBUG | --> Subfield: mpp
   DEBUG | --> Subfield: fs
   DEBUG | Checking for isLegal for WARL: 
	dependency_fields: []
legal:
   - fs[1:0] in [0x0:0x3]
wr_illegal:
   - unchanged

 With following args:val : 0 dep_vals :[]
   DEBUG | --> Subfield: sd
   DEBUG | Checking Reset fields for: mstatush
   DEBUG | Checking Reset fields for: mvendorid
   DEBUG | Checking Reset fields for: marchid
   DEBUG | Checking Reset fields for: mimpid
   DEBUG | Checking Reset fields for: mhartid
   DEBUG | Checking Reset fields for: mtvec
   DEBUG | --> Subfield: mode
   DEBUG | Checking for isLegal for WARL: 
	dependency_fields: []
legal:
   - mode[1:0] in [0x0:0x1]
wr_illegal:
   - Unchanged

 With following args:val : 0 dep_vals :[]
   DEBUG | --> Subfield: base
   DEBUG | Checking for isLegal for WARL: 
	dependency_fields: []
legal:
   - base[61:0] bitmask [0x3FFFFFFFFFFFFFFF, 0x0000000000000000]
wr_illegal:
   - Unchanged

 With following args:val : 0 dep_vals :[]
   DEBUG | Checking Reset fields for: mideleg
   DEBUG | Checking Reset fields for: medeleg
   DEBUG | Checking Reset fields for: mip
   DEBUG | --> Subfield: msip
   DEBUG | --> Subfield: mtip
   DEBUG | --> Subfield: meip
   DEBUG | Checking Reset fields for: hie
   DEBUG | Checking Reset fields for: mie
   DEBUG | --> Subfield: msie
   DEBUG | --> Subfield: mtie
   DEBUG | --> Subfield: meie
   DEBUG | Checking Reset fields for: mscratch
   DEBUG | Checking for isLegal for WARL: 
	dependency_fields: []
legal:
   - mscratch[63:0] in [0x00000000:0xFFFFFFFFFFFFFFFF]
wr_illegal:
   - unchanged


 With following args:val : 0 dep_vals :[]
   DEBUG | Checking Reset fields for: mepc
   DEBUG | Checking for isLegal for WARL: 
	dependency_fields: []
legal:
   - mepc[63:0] in [0x00000000:0xFFFFFFFFFFFFFFFF]
wr_illegal:
   - unchanged

 With following args:val : 0 dep_vals :[]
   DEBUG | Checking Reset fields for: mtval
   DEBUG | Checking for isLegal for WARL: 
	dependency_fields: []
legal:
   - mtval[63:0] in [0x00000000:0xFFFFFFFFFFFFFFFF]
wr_illegal:
   - unchanged

 With following args:val : 0 dep_vals :[]
   DEBUG | Checking Reset fields for: mcause
   DEBUG | --> Subfield: exception_code
   DEBUG | --> Subfield: interrupt
   DEBUG | Checking Reset fields for: pmpcfg0
   DEBUG | Checking Reset fields for: pmpcfg1
   DEBUG | Checking Reset fields for: pmpcfg2
   DEBUG | Checking Reset fields for: pmpcfg3
   DEBUG | Checking Reset fields for: pmpcfg4
   DEBUG | Checking Reset fields for: pmpcfg5
   DEBUG | Checking Reset fields for: pmpcfg6
   DEBUG | Checking Reset fields for: pmpcfg7
   DEBUG | Checking Reset fields for: pmpcfg8
   DEBUG | Checking Reset fields for: pmpcfg9
   DEBUG | Checking Reset fields for: pmpcfg10
   DEBUG | Checking Reset fields for: pmpcfg11
   DEBUG | Checking Reset fields for: pmpcfg12
   DEBUG | Checking Reset fields for: pmpcfg13
   DEBUG | Checking Reset fields for: pmpcfg14
   DEBUG | Checking Reset fields for: pmpcfg15
   DEBUG | Checking Reset fields for: pmpaddr0
   DEBUG | Checking Reset fields for: pmpaddr1
   DEBUG | Checking Reset fields for: pmpaddr2
   DEBUG | Checking Reset fields for: pmpaddr3
   DEBUG | Checking Reset fields for: pmpaddr4
   DEBUG | Checking Reset fields for: pmpaddr5
   DEBUG | Checking Reset fields for: pmpaddr6
   DEBUG | Checking Reset fields for: pmpaddr7
   DEBUG | Checking Reset fields for: pmpaddr8
   DEBUG | Checking Reset fields for: pmpaddr9
   DEBUG | Checking Reset fields for: pmpaddr10
   DEBUG | Checking Reset fields for: pmpaddr11
   DEBUG | Checking Reset fields for: pmpaddr12
   DEBUG | Checking Reset fields for: pmpaddr13
   DEBUG | Checking Reset fields for: pmpaddr14
   DEBUG | Checking Reset fields for: pmpaddr15
   DEBUG | Checking Reset fields for: pmpaddr16
   DEBUG | Checking Reset fields for: pmpaddr17
   DEBUG | Checking Reset fields for: pmpaddr18
   DEBUG | Checking Reset fields for: pmpaddr19
   DEBUG | Checking Reset fields for: pmpaddr20
   DEBUG | Checking Reset fields for: pmpaddr21
   DEBUG | Checking Reset fields for: pmpaddr22
   DEBUG | Checking Reset fields for: pmpaddr23
   DEBUG | Checking Reset fields for: pmpaddr24
   DEBUG | Checking Reset fields for: pmpaddr25
   DEBUG | Checking Reset fields for: pmpaddr26
   DEBUG | Checking Reset fields for: pmpaddr27
   DEBUG | Checking Reset fields for: pmpaddr28
   DEBUG | Checking Reset fields for: pmpaddr29
   DEBUG | Checking Reset fields for: pmpaddr30
   DEBUG | Checking Reset fields for: pmpaddr31
   DEBUG | Checking Reset fields for: pmpaddr32
   DEBUG | Checking Reset fields for: pmpaddr33
   DEBUG | Checking Reset fields for: pmpaddr34
   DEBUG | Checking Reset fields for: pmpaddr35
   DEBUG | Checking Reset fields for: pmpaddr36
   DEBUG | Checking Reset fields for: pmpaddr37
   DEBUG | Checking Reset fields for: pmpaddr38
   DEBUG | Checking Reset fields for: pmpaddr39
   DEBUG | Checking Reset fields for: pmpaddr40
   DEBUG | Checking Reset fields for: pmpaddr41
   DEBUG | Checking Reset fields for: pmpaddr42
   DEBUG | Checking Reset fields for: pmpaddr43
   DEBUG | Checking Reset fields for: pmpaddr44
   DEBUG | Checking Reset fields for: pmpaddr45
   DEBUG | Checking Reset fields for: pmpaddr46
   DEBUG | Checking Reset fields for: pmpaddr47
   DEBUG | Checking Reset fields for: pmpaddr48
   DEBUG | Checking Reset fields for: pmpaddr49
   DEBUG | Checking Reset fields for: pmpaddr50
   DEBUG | Checking Reset fields for: pmpaddr51
   DEBUG | Checking Reset fields for: pmpaddr52
   DEBUG | Checking Reset fields for: pmpaddr53
   DEBUG | Checking Reset fields for: pmpaddr54
   DEBUG | Checking Reset fields for: pmpaddr55
   DEBUG | Checking Reset fields for: pmpaddr56
   DEBUG | Checking Reset fields for: pmpaddr57
   DEBUG | Checking Reset fields for: pmpaddr58
   DEBUG | Checking Reset fields for: pmpaddr59
   DEBUG | Checking Reset fields for: pmpaddr60
   DEBUG | Checking Reset fields for: pmpaddr61
   DEBUG | Checking Reset fields for: pmpaddr62
   DEBUG | Checking Reset fields for: pmpaddr63
   DEBUG | Checking Reset fields for: mcounteren
   DEBUG | Checking Reset fields for: mcountinhibit
   DEBUG | Checking Reset fields for: mcycle
   DEBUG | Checking for isLegal for WARL: 
	dependency_fields: []
legal:
   - mcycle[63:0] in [0x0000000000000000:0xFFFFFFFFFFFFFFFF]
wr_illegal:
   - Unchanged

 With following args:val : 0 dep_vals :[]
   DEBUG | Checking Reset fields for: mcycleh
   DEBUG | Checking Reset fields for: minstret
   DEBUG | Checking for isLegal for WARL: 
	dependency_fields: []
legal:
   - minstret[63:0] in [0x0000000000000000:0xFFFFFFFFFFFFFFFF]
wr_illegal:
   - Unchanged

 With following args:val : 0 dep_vals :[]
   DEBUG | Checking Reset fields for: minstreth
   DEBUG | Checking Reset fields for: mhpmevent3
   DEBUG | Checking Reset fields for: mhpmcounter3
   DEBUG | Checking Reset fields for: mhpmcounter3h
   DEBUG | Checking Reset fields for: mhpmevent4
   DEBUG | Checking Reset fields for: mhpmcounter4
   DEBUG | Checking Reset fields for: mhpmcounter4h
   DEBUG | Checking Reset fields for: mhpmevent5
   DEBUG | Checking Reset fields for: mhpmcounter5
   DEBUG | Checking Reset fields for: mhpmcounter5h
   DEBUG | Checking Reset fields for: mhpmevent6
   DEBUG | Checking Reset fields for: mhpmcounter6
   DEBUG | Checking Reset fields for: mhpmcounter6h
   DEBUG | Checking Reset fields for: mhpmevent7
   DEBUG | Checking Reset fields for: mhpmcounter7
   DEBUG | Checking Reset fields for: mhpmcounter7h
   DEBUG | Checking Reset fields for: mhpmevent8
   DEBUG | Checking Reset fields for: mhpmcounter8
   DEBUG | Checking Reset fields for: mhpmcounter8h
   DEBUG | Checking Reset fields for: mhpmevent9
   DEBUG | Checking Reset fields for: mhpmcounter9
   DEBUG | Checking Reset fields for: mhpmcounter9h
   DEBUG | Checking Reset fields for: mhpmevent10
   DEBUG | Checking Reset fields for: mhpmcounter10
   DEBUG | Checking Reset fields for: mhpmcounter10h
   DEBUG | Checking Reset fields for: mhpmevent11
   DEBUG | Checking Reset fields for: mhpmcounter11
   DEBUG | Checking Reset fields for: mhpmcounter11h
   DEBUG | Checking Reset fields for: mhpmevent12
   DEBUG | Checking Reset fields for: mhpmcounter12
   DEBUG | Checking Reset fields for: mhpmcounter12h
   DEBUG | Checking Reset fields for: mhpmevent13
   DEBUG | Checking Reset fields for: mhpmcounter13
   DEBUG | Checking Reset fields for: mhpmcounter13h
   DEBUG | Checking Reset fields for: mhpmevent14
   DEBUG | Checking Reset fields for: mhpmcounter14
   DEBUG | Checking Reset fields for: mhpmcounter14h
   DEBUG | Checking Reset fields for: mhpmevent15
   DEBUG | Checking Reset fields for: mhpmcounter15
   DEBUG | Checking Reset fields for: mhpmcounter15h
   DEBUG | Checking Reset fields for: mhpmevent16
   DEBUG | Checking Reset fields for: mhpmcounter16
   DEBUG | Checking Reset fields for: mhpmcounter16h
   DEBUG | Checking Reset fields for: mhpmevent17
   DEBUG | Checking Reset fields for: mhpmcounter17
   DEBUG | Checking Reset fields for: mhpmcounter17h
   DEBUG | Checking Reset fields for: mhpmevent18
   DEBUG | Checking Reset fields for: mhpmcounter18
   DEBUG | Checking Reset fields for: mhpmcounter18h
   DEBUG | Checking Reset fields for: mhpmevent19
   DEBUG | Checking Reset fields for: mhpmcounter19
   DEBUG | Checking Reset fields for: mhpmcounter19h
   DEBUG | Checking Reset fields for: mhpmevent20
   DEBUG | Checking Reset fields for: mhpmcounter20
   DEBUG | Checking Reset fields for: mhpmcounter20h
   DEBUG | Checking Reset fields for: mhpmevent21
   DEBUG | Checking Reset fields for: mhpmcounter21
   DEBUG | Checking Reset fields for: mhpmcounter21h
   DEBUG | Checking Reset fields for: mhpmevent22
   DEBUG | Checking Reset fields for: mhpmcounter22
   DEBUG | Checking Reset fields for: mhpmcounter22h
   DEBUG | Checking Reset fields for: mhpmevent23
   DEBUG | Checking Reset fields for: mhpmcounter23
   DEBUG | Checking Reset fields for: mhpmcounter23h
   DEBUG | Checking Reset fields for: mhpmevent24
   DEBUG | Checking Reset fields for: mhpmcounter24
   DEBUG | Checking Reset fields for: mhpmcounter24h
   DEBUG | Checking Reset fields for: mhpmevent25
   DEBUG | Checking Reset fields for: mhpmcounter25
   DEBUG | Checking Reset fields for: mhpmcounter25h
   DEBUG | Checking Reset fields for: mhpmevent26
   DEBUG | Checking Reset fields for: mhpmcounter26
   DEBUG | Checking Reset fields for: mhpmcounter26h
   DEBUG | Checking Reset fields for: mhpmevent27
   DEBUG | Checking Reset fields for: mhpmcounter27
   DEBUG | Checking Reset fields for: mhpmcounter27h
   DEBUG | Checking Reset fields for: mhpmevent28
   DEBUG | Checking Reset fields for: mhpmcounter28
   DEBUG | Checking Reset fields for: mhpmcounter28h
   DEBUG | Checking Reset fields for: mhpmevent29
   DEBUG | Checking Reset fields for: mhpmcounter29
   DEBUG | Checking Reset fields for: mhpmcounter29h
   DEBUG | Checking Reset fields for: mhpmevent30
   DEBUG | Checking Reset fields for: mhpmcounter30
   DEBUG | Checking Reset fields for: mhpmcounter30h
   DEBUG | Checking Reset fields for: mhpmevent31
   DEBUG | Checking Reset fields for: mhpmcounter31
   DEBUG | Checking Reset fields for: mhpmcounter31h
   DEBUG | Checking Reset fields for: sedeleg
   DEBUG | Checking Reset fields for: sideleg
   DEBUG | Checking Reset fields for: fflags
   DEBUG | Checking Reset fields for: frm
   DEBUG | Checking Reset fields for: fcsr
   DEBUG | Checking Reset fields for: cycle
   DEBUG | Checking Reset fields for: cycleh
   DEBUG | Checking Reset fields for: time
   DEBUG | Checking Reset fields for: timeh
   DEBUG | Checking Reset fields for: instret
   DEBUG | Checking Reset fields for: instreth
   DEBUG | Checking Reset fields for: hpmcounter3
   DEBUG | Checking Reset fields for: hpmcounter4
   DEBUG | Checking Reset fields for: hpmcounter5
   DEBUG | Checking Reset fields for: hpmcounter6
   DEBUG | Checking Reset fields for: hpmcounter7
   DEBUG | Checking Reset fields for: hpmcounter8
   DEBUG | Checking Reset fields for: hpmcounter9
   DEBUG | Checking Reset fields for: hpmcounter10
   DEBUG | Checking Reset fields for: hpmcounter11
   DEBUG | Checking Reset fields for: hpmcounter12
   DEBUG | Checking Reset fields for: hpmcounter13
   DEBUG | Checking Reset fields for: hpmcounter14
   DEBUG | Checking Reset fields for: hpmcounter15
   DEBUG | Checking Reset fields for: hpmcounter16
   DEBUG | Checking Reset fields for: hpmcounter17
   DEBUG | Checking Reset fields for: hpmcounter18
   DEBUG | Checking Reset fields for: hpmcounter19
   DEBUG | Checking Reset fields for: hpmcounter20
   DEBUG | Checking Reset fields for: hpmcounter21
   DEBUG | Checking Reset fields for: hpmcounter22
   DEBUG | Checking Reset fields for: hpmcounter23
   DEBUG | Checking Reset fields for: hpmcounter24
   DEBUG | Checking Reset fields for: hpmcounter25
   DEBUG | Checking Reset fields for: hpmcounter26
   DEBUG | Checking Reset fields for: hpmcounter27
   DEBUG | Checking Reset fields for: hpmcounter28
   DEBUG | Checking Reset fields for: hpmcounter29
   DEBUG | Checking Reset fields for: hpmcounter30
   DEBUG | Checking Reset fields for: hpmcounter31
   DEBUG | Checking Reset fields for: hpmcounter3h
   DEBUG | Checking Reset fields for: hpmcounter4h
   DEBUG | Checking Reset fields for: hpmcounter5h
   DEBUG | Checking Reset fields for: hpmcounter6h
   DEBUG | Checking Reset fields for: hpmcounter7h
   DEBUG | Checking Reset fields for: hpmcounter8h
   DEBUG | Checking Reset fields for: hpmcounter9h
   DEBUG | Checking Reset fields for: hpmcounter10h
   DEBUG | Checking Reset fields for: hpmcounter11h
   DEBUG | Checking Reset fields for: hpmcounter12h
   DEBUG | Checking Reset fields for: hpmcounter13h
   DEBUG | Checking Reset fields for: hpmcounter14h
   DEBUG | Checking Reset fields for: hpmcounter15h
   DEBUG | Checking Reset fields for: hpmcounter16h
   DEBUG | Checking Reset fields for: hpmcounter17h
   DEBUG | Checking Reset fields for: hpmcounter18h
   DEBUG | Checking Reset fields for: hpmcounter19h
   DEBUG | Checking Reset fields for: hpmcounter20h
   DEBUG | Checking Reset fields for: hpmcounter21h
   DEBUG | Checking Reset fields for: hpmcounter22h
   DEBUG | Checking Reset fields for: hpmcounter23h
   DEBUG | Checking Reset fields for: hpmcounter24h
   DEBUG | Checking Reset fields for: hpmcounter25h
   DEBUG | Checking Reset fields for: hpmcounter26h
   DEBUG | Checking Reset fields for: hpmcounter27h
   DEBUG | Checking Reset fields for: hpmcounter28h
   DEBUG | Checking Reset fields for: hpmcounter29h
   DEBUG | Checking Reset fields for: hpmcounter30h
   DEBUG | Checking Reset fields for: hpmcounter31h
   DEBUG | Checking Reset fields for: sstatus
   DEBUG | Checking Reset fields for: sie
   DEBUG | Checking Reset fields for: sip
   DEBUG | Checking Reset fields for: sscratch
   DEBUG | Checking Reset fields for: sepc
   DEBUG | Checking Reset fields for: stval
   DEBUG | Checking Reset fields for: scause
   DEBUG | Checking Reset fields for: stvec
   DEBUG | Checking Reset fields for: satp
   DEBUG | Checking Reset fields for: ustatus
   DEBUG | Checking Reset fields for: uie
   DEBUG | Checking Reset fields for: uip
   DEBUG | Checking Reset fields for: uscratch
   DEBUG | Checking Reset fields for: uepc
   DEBUG | Checking Reset fields for: utval
   DEBUG | Checking Reset fields for: ucause
   DEBUG | Checking Reset fields for: utvec
   DEBUG | Checking Reset fields for: scounteren
   DEBUG | Checking Reset fields for: hstatus
   DEBUG | Checking Reset fields for: hideleg
   DEBUG | Checking Reset fields for: hedeleg
   DEBUG | Checking Reset fields for: hip
   DEBUG | Checking Reset fields for: hvip
   DEBUG | Checking Reset fields for: hgeip
   DEBUG | Checking Reset fields for: hgeie
   DEBUG | Checking Reset fields for: htval
   DEBUG | Checking Reset fields for: htinst
   DEBUG | Checking Reset fields for: mtval2
   DEBUG | Checking Reset fields for: mtinst
   DEBUG | Checking Reset fields for: hgatp
   DEBUG | Checking Reset fields for: hcounteren
   DEBUG | Checking Reset fields for: htimedelta
   DEBUG | Checking Reset fields for: htimedeltah
   DEBUG | Checking Reset fields for: vsstatus
   DEBUG | Checking Reset fields for: vsie
   DEBUG | Checking Reset fields for: vsip
   DEBUG | Checking Reset fields for: vsscratch
   DEBUG | Checking Reset fields for: vsepc
   DEBUG | Checking Reset fields for: vstval
   DEBUG | Checking Reset fields for: vscause
   DEBUG | Checking Reset fields for: vstvec
   DEBUG | Checking Reset fields for: vsatp
   DEBUG | Checking Shadows for ISA
   DEBUG | Checking Shadows for physical_addr_sz
   DEBUG | Checking Shadows for User_Spec_Version
   DEBUG | Checking Shadows for supported_xlen
   DEBUG | Checking Shadows for Privilege_Spec_Version
   DEBUG | Checking Shadows for hw_data_misaligned_support
   DEBUG | Checking Shadows for pmp_granularity
   DEBUG | Checking Shadows for custom_exceptions
   DEBUG | Checking Shadows for custom_interrupts
   DEBUG | Checking Shadows for misa
   DEBUG | Checking Shadows for mstatus
   DEBUG | Checking Shadows for mstatush
   DEBUG | Checking Shadows for mvendorid
   DEBUG | Checking Shadows for marchid
   DEBUG | Checking Shadows for mimpid
   DEBUG | Checking Shadows for mhartid
   DEBUG | Checking Shadows for mtvec
   DEBUG | Checking Shadows for mideleg
   DEBUG | Checking Shadows for medeleg
   DEBUG | Checking Shadows for mip
   DEBUG | Checking Shadows for hie
   DEBUG | Checking Shadows for mie
   DEBUG | Checking Shadows for mscratch
   DEBUG | Checking Shadows for mepc
   DEBUG | Checking Shadows for mtval
   DEBUG | Checking Shadows for mcause
   DEBUG | Checking Shadows for pmpcfg0
   DEBUG | Checking Shadows for pmpcfg1
   DEBUG | Checking Shadows for pmpcfg2
   DEBUG | Checking Shadows for pmpcfg3
   DEBUG | Checking Shadows for pmpcfg4
   DEBUG | Checking Shadows for pmpcfg5
   DEBUG | Checking Shadows for pmpcfg6
   DEBUG | Checking Shadows for pmpcfg7
   DEBUG | Checking Shadows for pmpcfg8
   DEBUG | Checking Shadows for pmpcfg9
   DEBUG | Checking Shadows for pmpcfg10
   DEBUG | Checking Shadows for pmpcfg11
   DEBUG | Checking Shadows for pmpcfg12
   DEBUG | Checking Shadows for pmpcfg13
   DEBUG | Checking Shadows for pmpcfg14
   DEBUG | Checking Shadows for pmpcfg15
   DEBUG | Checking Shadows for pmpaddr0
   DEBUG | Checking Shadows for pmpaddr1
   DEBUG | Checking Shadows for pmpaddr2
   DEBUG | Checking Shadows for pmpaddr3
   DEBUG | Checking Shadows for pmpaddr4
   DEBUG | Checking Shadows for pmpaddr5
   DEBUG | Checking Shadows for pmpaddr6
   DEBUG | Checking Shadows for pmpaddr7
   DEBUG | Checking Shadows for pmpaddr8
   DEBUG | Checking Shadows for pmpaddr9
   DEBUG | Checking Shadows for pmpaddr10
   DEBUG | Checking Shadows for pmpaddr11
   DEBUG | Checking Shadows for pmpaddr12
   DEBUG | Checking Shadows for pmpaddr13
   DEBUG | Checking Shadows for pmpaddr14
   DEBUG | Checking Shadows for pmpaddr15
   DEBUG | Checking Shadows for pmpaddr16
   DEBUG | Checking Shadows for pmpaddr17
   DEBUG | Checking Shadows for pmpaddr18
   DEBUG | Checking Shadows for pmpaddr19
   DEBUG | Checking Shadows for pmpaddr20
   DEBUG | Checking Shadows for pmpaddr21
   DEBUG | Checking Shadows for pmpaddr22
   DEBUG | Checking Shadows for pmpaddr23
   DEBUG | Checking Shadows for pmpaddr24
   DEBUG | Checking Shadows for pmpaddr25
   DEBUG | Checking Shadows for pmpaddr26
   DEBUG | Checking Shadows for pmpaddr27
   DEBUG | Checking Shadows for pmpaddr28
   DEBUG | Checking Shadows for pmpaddr29
   DEBUG | Checking Shadows for pmpaddr30
   DEBUG | Checking Shadows for pmpaddr31
   DEBUG | Checking Shadows for pmpaddr32
   DEBUG | Checking Shadows for pmpaddr33
   DEBUG | Checking Shadows for pmpaddr34
   DEBUG | Checking Shadows for pmpaddr35
   DEBUG | Checking Shadows for pmpaddr36
   DEBUG | Checking Shadows for pmpaddr37
   DEBUG | Checking Shadows for pmpaddr38
   DEBUG | Checking Shadows for pmpaddr39
   DEBUG | Checking Shadows for pmpaddr40
   DEBUG | Checking Shadows for pmpaddr41
   DEBUG | Checking Shadows for pmpaddr42
   DEBUG | Checking Shadows for pmpaddr43
   DEBUG | Checking Shadows for pmpaddr44
   DEBUG | Checking Shadows for pmpaddr45
   DEBUG | Checking Shadows for pmpaddr46
   DEBUG | Checking Shadows for pmpaddr47
   DEBUG | Checking Shadows for pmpaddr48
   DEBUG | Checking Shadows for pmpaddr49
   DEBUG | Checking Shadows for pmpaddr50
   DEBUG | Checking Shadows for pmpaddr51
   DEBUG | Checking Shadows for pmpaddr52
   DEBUG | Checking Shadows for pmpaddr53
   DEBUG | Checking Shadows for pmpaddr54
   DEBUG | Checking Shadows for pmpaddr55
   DEBUG | Checking Shadows for pmpaddr56
   DEBUG | Checking Shadows for pmpaddr57
   DEBUG | Checking Shadows for pmpaddr58
   DEBUG | Checking Shadows for pmpaddr59
   DEBUG | Checking Shadows for pmpaddr60
   DEBUG | Checking Shadows for pmpaddr61
   DEBUG | Checking Shadows for pmpaddr62
   DEBUG | Checking Shadows for pmpaddr63
   DEBUG | Checking Shadows for mcounteren
   DEBUG | Checking Shadows for mcountinhibit
   DEBUG | Checking Shadows for mcycle
   DEBUG | Checking Shadows for mcycleh
   DEBUG | Checking Shadows for minstret
   DEBUG | Checking Shadows for minstreth
   DEBUG | Checking Shadows for mhpmevent3
   DEBUG | Checking Shadows for mhpmcounter3
   DEBUG | Checking Shadows for mhpmcounter3h
   DEBUG | Checking Shadows for mhpmevent4
   DEBUG | Checking Shadows for mhpmcounter4
   DEBUG | Checking Shadows for mhpmcounter4h
   DEBUG | Checking Shadows for mhpmevent5
   DEBUG | Checking Shadows for mhpmcounter5
   DEBUG | Checking Shadows for mhpmcounter5h
   DEBUG | Checking Shadows for mhpmevent6
   DEBUG | Checking Shadows for mhpmcounter6
   DEBUG | Checking Shadows for mhpmcounter6h
   DEBUG | Checking Shadows for mhpmevent7
   DEBUG | Checking Shadows for mhpmcounter7
   DEBUG | Checking Shadows for mhpmcounter7h
   DEBUG | Checking Shadows for mhpmevent8
   DEBUG | Checking Shadows for mhpmcounter8
   DEBUG | Checking Shadows for mhpmcounter8h
   DEBUG | Checking Shadows for mhpmevent9
   DEBUG | Checking Shadows for mhpmcounter9
   DEBUG | Checking Shadows for mhpmcounter9h
   DEBUG | Checking Shadows for mhpmevent10
   DEBUG | Checking Shadows for mhpmcounter10
   DEBUG | Checking Shadows for mhpmcounter10h
   DEBUG | Checking Shadows for mhpmevent11
   DEBUG | Checking Shadows for mhpmcounter11
   DEBUG | Checking Shadows for mhpmcounter11h
   DEBUG | Checking Shadows for mhpmevent12
   DEBUG | Checking Shadows for mhpmcounter12
   DEBUG | Checking Shadows for mhpmcounter12h
   DEBUG | Checking Shadows for mhpmevent13
   DEBUG | Checking Shadows for mhpmcounter13
   DEBUG | Checking Shadows for mhpmcounter13h
   DEBUG | Checking Shadows for mhpmevent14
   DEBUG | Checking Shadows for mhpmcounter14
   DEBUG | Checking Shadows for mhpmcounter14h
   DEBUG | Checking Shadows for mhpmevent15
   DEBUG | Checking Shadows for mhpmcounter15
   DEBUG | Checking Shadows for mhpmcounter15h
   DEBUG | Checking Shadows for mhpmevent16
   DEBUG | Checking Shadows for mhpmcounter16
   DEBUG | Checking Shadows for mhpmcounter16h
   DEBUG | Checking Shadows for mhpmevent17
   DEBUG | Checking Shadows for mhpmcounter17
   DEBUG | Checking Shadows for mhpmcounter17h
   DEBUG | Checking Shadows for mhpmevent18
   DEBUG | Checking Shadows for mhpmcounter18
   DEBUG | Checking Shadows for mhpmcounter18h
   DEBUG | Checking Shadows for mhpmevent19
   DEBUG | Checking Shadows for mhpmcounter19
   DEBUG | Checking Shadows for mhpmcounter19h
   DEBUG | Checking Shadows for mhpmevent20
   DEBUG | Checking Shadows for mhpmcounter20
   DEBUG | Checking Shadows for mhpmcounter20h
   DEBUG | Checking Shadows for mhpmevent21
   DEBUG | Checking Shadows for mhpmcounter21
   DEBUG | Checking Shadows for mhpmcounter21h
   DEBUG | Checking Shadows for mhpmevent22
   DEBUG | Checking Shadows for mhpmcounter22
   DEBUG | Checking Shadows for mhpmcounter22h
   DEBUG | Checking Shadows for mhpmevent23
   DEBUG | Checking Shadows for mhpmcounter23
   DEBUG | Checking Shadows for mhpmcounter23h
   DEBUG | Checking Shadows for mhpmevent24
   DEBUG | Checking Shadows for mhpmcounter24
   DEBUG | Checking Shadows for mhpmcounter24h
   DEBUG | Checking Shadows for mhpmevent25
   DEBUG | Checking Shadows for mhpmcounter25
   DEBUG | Checking Shadows for mhpmcounter25h
   DEBUG | Checking Shadows for mhpmevent26
   DEBUG | Checking Shadows for mhpmcounter26
   DEBUG | Checking Shadows for mhpmcounter26h
   DEBUG | Checking Shadows for mhpmevent27
   DEBUG | Checking Shadows for mhpmcounter27
   DEBUG | Checking Shadows for mhpmcounter27h
   DEBUG | Checking Shadows for mhpmevent28
   DEBUG | Checking Shadows for mhpmcounter28
   DEBUG | Checking Shadows for mhpmcounter28h
   DEBUG | Checking Shadows for mhpmevent29
   DEBUG | Checking Shadows for mhpmcounter29
   DEBUG | Checking Shadows for mhpmcounter29h
   DEBUG | Checking Shadows for mhpmevent30
   DEBUG | Checking Shadows for mhpmcounter30
   DEBUG | Checking Shadows for mhpmcounter30h
   DEBUG | Checking Shadows for mhpmevent31
   DEBUG | Checking Shadows for mhpmcounter31
   DEBUG | Checking Shadows for mhpmcounter31h
   DEBUG | Checking Shadows for sedeleg
   DEBUG | Checking Shadows for sideleg
   DEBUG | Checking Shadows for fflags
   DEBUG | Checking Shadows for frm
   DEBUG | Checking Shadows for fcsr
   DEBUG | Checking Shadows for cycle
   DEBUG | Checking Shadows for cycleh
   DEBUG | Checking Shadows for time
   DEBUG | Checking Shadows for timeh
   DEBUG | Checking Shadows for instret
   DEBUG | Checking Shadows for instreth
   DEBUG | Checking Shadows for hpmcounter3
   DEBUG | Checking Shadows for hpmcounter4
   DEBUG | Checking Shadows for hpmcounter5
   DEBUG | Checking Shadows for hpmcounter6
   DEBUG | Checking Shadows for hpmcounter7
   DEBUG | Checking Shadows for hpmcounter8
   DEBUG | Checking Shadows for hpmcounter9
   DEBUG | Checking Shadows for hpmcounter10
   DEBUG | Checking Shadows for hpmcounter11
   DEBUG | Checking Shadows for hpmcounter12
   DEBUG | Checking Shadows for hpmcounter13
   DEBUG | Checking Shadows for hpmcounter14
   DEBUG | Checking Shadows for hpmcounter15
   DEBUG | Checking Shadows for hpmcounter16
   DEBUG | Checking Shadows for hpmcounter17
   DEBUG | Checking Shadows for hpmcounter18
   DEBUG | Checking Shadows for hpmcounter19
   DEBUG | Checking Shadows for hpmcounter20
   DEBUG | Checking Shadows for hpmcounter21
   DEBUG | Checking Shadows for hpmcounter22
   DEBUG | Checking Shadows for hpmcounter23
   DEBUG | Checking Shadows for hpmcounter24
   DEBUG | Checking Shadows for hpmcounter25
   DEBUG | Checking Shadows for hpmcounter26
   DEBUG | Checking Shadows for hpmcounter27
   DEBUG | Checking Shadows for hpmcounter28
   DEBUG | Checking Shadows for hpmcounter29
   DEBUG | Checking Shadows for hpmcounter30
   DEBUG | Checking Shadows for hpmcounter31
   DEBUG | Checking Shadows for hpmcounter3h
   DEBUG | Checking Shadows for hpmcounter4h
   DEBUG | Checking Shadows for hpmcounter5h
   DEBUG | Checking Shadows for hpmcounter6h
   DEBUG | Checking Shadows for hpmcounter7h
   DEBUG | Checking Shadows for hpmcounter8h
   DEBUG | Checking Shadows for hpmcounter9h
   DEBUG | Checking Shadows for hpmcounter10h
   DEBUG | Checking Shadows for hpmcounter11h
   DEBUG | Checking Shadows for hpmcounter12h
   DEBUG | Checking Shadows for hpmcounter13h
   DEBUG | Checking Shadows for hpmcounter14h
   DEBUG | Checking Shadows for hpmcounter15h
   DEBUG | Checking Shadows for hpmcounter16h
   DEBUG | Checking Shadows for hpmcounter17h
   DEBUG | Checking Shadows for hpmcounter18h
   DEBUG | Checking Shadows for hpmcounter19h
   DEBUG | Checking Shadows for hpmcounter20h
   DEBUG | Checking Shadows for hpmcounter21h
   DEBUG | Checking Shadows for hpmcounter22h
   DEBUG | Checking Shadows for hpmcounter23h
   DEBUG | Checking Shadows for hpmcounter24h
   DEBUG | Checking Shadows for hpmcounter25h
   DEBUG | Checking Shadows for hpmcounter26h
   DEBUG | Checking Shadows for hpmcounter27h
   DEBUG | Checking Shadows for hpmcounter28h
   DEBUG | Checking Shadows for hpmcounter29h
   DEBUG | Checking Shadows for hpmcounter30h
   DEBUG | Checking Shadows for hpmcounter31h
   DEBUG | Checking Shadows for sstatus
   DEBUG | Checking Shadows for sie
   DEBUG | Checking Shadows for sip
   DEBUG | Checking Shadows for sscratch
   DEBUG | Checking Shadows for sepc
   DEBUG | Checking Shadows for stval
   DEBUG | Checking Shadows for scause
   DEBUG | Checking Shadows for stvec
   DEBUG | Checking Shadows for satp
   DEBUG | Checking Shadows for ustatus
   DEBUG | Checking Shadows for uie
   DEBUG | Checking Shadows for uip
   DEBUG | Checking Shadows for uscratch
   DEBUG | Checking Shadows for uepc
   DEBUG | Checking Shadows for utval
   DEBUG | Checking Shadows for ucause
   DEBUG | Checking Shadows for utvec
   DEBUG | Checking Shadows for scounteren
   DEBUG | Checking Shadows for hstatus
   DEBUG | Checking Shadows for hideleg
   DEBUG | Checking Shadows for hedeleg
   DEBUG | Checking Shadows for hip
   DEBUG | Checking Shadows for hvip
   DEBUG | Checking Shadows for hgeip
   DEBUG | Checking Shadows for hgeie
   DEBUG | Checking Shadows for htval
   DEBUG | Checking Shadows for htinst
   DEBUG | Checking Shadows for mtval2
   DEBUG | Checking Shadows for mtinst
   DEBUG | Checking Shadows for hgatp
   DEBUG | Checking Shadows for hcounteren
   DEBUG | Checking Shadows for htimedelta
   DEBUG | Checking Shadows for htimedeltah
   DEBUG | Checking Shadows for vsstatus
   DEBUG | Checking Shadows for vsie
   DEBUG | Checking Shadows for vsip
   DEBUG | Checking Shadows for vsscratch
   DEBUG | Checking Shadows for vsepc
   DEBUG | Checking Shadows for vstval
   DEBUG | Checking Shadows for vscause
   DEBUG | Checking Shadows for vstvec
   DEBUG | Checking Shadows for vsatp
    INFO | Dumping out Normalized Checked YAML: /home/riscv/RRF/Reports/2022-05-03_12:33:59.495877/fclass/fclass/work/sail_cSim_isa_checked.yaml
    INFO | Input-Platform file
    INFO | Loading input file: /home/riscv/sail_cSim/64/sail_cSim_platform.yaml
    INFO | Load Schema /home/riscv/.local/lib/python3.6/site-packages/riscv_config/schemas/schema_platform.yaml
    INFO | Initiating Validation
    INFO | No Syntax errors in Input Platform Yaml. :)
    INFO | Dumping out Normalized Checked YAML: /home/riscv/RRF/Reports/2022-05-03_12:33:59.495877/fclass/fclass/work/sail_cSim_platform_checked.yaml
    INFO | Generating database for suite: /home/riscv/RRF/Reports/2022-05-03_12:33:59.495877/fclass/fclass/tests
   DEBUG | Suite used: /home/riscv/RRF/Reports/2022-05-03_12:33:59.495877/fclass/fclass/tests
   DEBUG | ENV used: /home/riscv/RRF/Reports/2022-05-03_12:33:59.495877/fclass/fclass/tests/env
   DEBUG | Suite path is not a git repository.
   DEBUG | Using /home/riscv/RRF/Reports/2022-05-03_12:33:59.495877/fclass/fclass/work/database.yaml
    INFO | Database File Generated: /home/riscv/RRF/Reports/2022-05-03_12:33:59.495877/fclass/fclass/work/database.yaml
    INFO | Env path set to/home/riscv/RRF/Reports/2022-05-03_12:33:59.495877/fclass/fclass/tests/env
    INFO | Will collect Coverage using RISCV-ISAC
    INFO | CGF file(s) being used : ('/home/riscv/riscv-ctg/sample_cgfs/dataset.cgf', '/home/riscv/riscv-ctg/sample_cgfs/sample_cgfs_fext/RV64D/rv64d_fclass.cgf')
   DEBUG | Running Build for Reference
   DEBUG | Checking conditions for /home/riscv/RRF/Reports/2022-05-03_12:33:59.495877/fclass/fclass/tests/fclass_b1-01.S-0
    INFO | Selecting Tests.
    INFO | Running Tests on Reference.
   DEBUG | /home/riscv/RRF/Reports/2022-05-03_12:33:59.495877/fclass/fclass/work
   DEBUG | make -j12 -f /home/riscv/RRF/Reports/2022-05-03_12:33:59.495877/fclass/fclass/work/Makefile.Reference-sail_c_simulator TARGET0
   DEBUG |     INFO | ****** RISC-V ISA Coverage 0.11.0 *******
    INFO | Copyright (c) 2020, InCore Semiconductors Pvt. Ltd.
    INFO | All Rights Reserved.
    INFO | Start Test Label: rvtest_code_begin @ 0x80000390
    INFO | End Test Label  : rvtest_code_end @ 0x80000710
    INFO | Start Signature Label: begin_signature @ 0x80002310
    INFO | End Signature Label  : end_signature @ 0x80002520
   ERROR | Last Coverpoint : ['opcode : fclass.d', 'rd : x21', 'rs1 : f29', 'fs1 == 0 and fe1 == 0x000 and fm1 == 0x0000000000000 and rm_val == 1  #nosat']
   ERROR | Last Code Sequence : 
   ERROR | 	-[0x800003b4]:fclass.d s5, ft9
   ERROR | 	-[0x800003b8]:csrrs a7, fflags, zero
   ERROR | 	-[0x800003bc]:sd s5, 0(a5)
   ERROR | Current Store : [0x800003c0] : sd a7, 8(a5) -- Store: [0x80002318]:0x0000000000000000
   ERROR | Last Coverpoint : ['rd : x7', 'rs1 : f30', 'fs1 == 1 and fe1 == 0x3f8 and fm1 == 0x0000000000000 and rm_val == 1  #nosat']
   ERROR | Last Code Sequence : 
   ERROR | 	-[0x800003cc]:fclass.d t2, ft10
   ERROR | 	-[0x800003d0]:csrrs a7, fflags, zero
   ERROR | 	-[0x800003d4]:sd t2, 16(a5)
   ERROR | Current Store : [0x800003d8] : sd a7, 24(a5) -- Store: [0x80002328]:0x0000000000000000
   ERROR | Last Coverpoint : ['rd : x3', 'rs1 : f0', 'fs1 == 0 and fe1 == 0x3ff and fm1 == 0x0000000000000 and rm_val == 1  #nosat']
   ERROR | Last Code Sequence : 
   ERROR | 	-[0x800003e4]:fclass.d gp, ft0
   ERROR | 	-[0x800003e8]:csrrs a7, fflags, zero
   ERROR | 	-[0x800003ec]:sd gp, 32(a5)
   ERROR | Current Store : [0x800003f0] : sd a7, 40(a5) -- Store: [0x80002338]:0x0000000000000000
   ERROR | Last Coverpoint : ['rd : x6', 'rs1 : f23', 'fs1 == 1 and fe1 == 0x7ff and fm1 == 0x0000000000001 and rm_val == 1  #nosat']
   ERROR | Last Code Sequence : 
   ERROR | 	-[0x800003fc]:fclass.d t1, fs7
   ERROR | 	-[0x80000400]:csrrs a7, fflags, zero
   ERROR | 	-[0x80000404]:sd t1, 48(a5)
   ERROR | Current Store : [0x80000408] : sd a7, 56(a5) -- Store: [0x80002348]:0x0000000000000000
   ERROR | Last Coverpoint : ['rd : x24', 'rs1 : f12', 'fs1 == 0 and fe1 == 0x7ff and fm1 == 0x0000000000001 and rm_val == 1  #nosat']
   ERROR | Last Code Sequence : 
   ERROR | 	-[0x80000414]:fclass.d s8, fa2
   ERROR | 	-[0x80000418]:csrrs a7, fflags, zero
   ERROR | 	-[0x8000041c]:sd s8, 64(a5)
   ERROR | Current Store : [0x80000420] : sd a7, 72(a5) -- Store: [0x80002358]:0x0000000000000000
   ERROR | Last Coverpoint : ['rd : x13', 'rs1 : f26', 'fs1 == 1 and fe1 == 0x7ff and fm1 == 0x8000000000001 and rm_val == 1  #nosat']
   ERROR | Last Code Sequence : 
   ERROR | 	-[0x8000042c]:fclass.d a3, fs10
   ERROR | 	-[0x80000430]:csrrs a7, fflags, zero
   ERROR | 	-[0x80000434]:sd a3, 80(a5)
   ERROR | Current Store : [0x80000438] : sd a7, 88(a5) -- Store: [0x80002368]:0x0000000000000000
   ERROR | Last Coverpoint : ['rd : x0', 'rs1 : f27', 'fs1 == 0 and fe1 == 0x7ff and fm1 == 0x8000000000001 and rm_val == 1  #nosat']
   ERROR | Last Code Sequence : 
   ERROR | 	-[0x80000444]:fclass.d zero, fs11
   ERROR | 	-[0x80000448]:csrrs a7, fflags, zero
   ERROR | 	-[0x8000044c]:sd zero, 96(a5)
   ERROR | Current Store : [0x80000450] : sd a7, 104(a5) -- Store: [0x80002378]:0x0000000000000000
   ERROR | Last Coverpoint : ['rd : x31', 'rs1 : f22', 'fs1 == 1 and fe1 == 0x7ff and fm1 == 0x8000000000000 and rm_val == 1  #nosat']
   ERROR | Last Code Sequence : 
   ERROR | 	-[0x8000045c]:fclass.d t6, fs6
   ERROR | 	-[0x80000460]:csrrs a7, fflags, zero
   ERROR | 	-[0x80000464]:sd t6, 112(a5)
   ERROR | Current Store : [0x80000468] : sd a7, 120(a5) -- Store: [0x80002388]:0x0000000000000000
   ERROR | Last Coverpoint : ['rd : x29', 'rs1 : f19', 'fs1 == 0 and fe1 == 0x7ff and fm1 == 0x8000000000000 and rm_val == 1  #nosat']
   ERROR | Last Code Sequence : 
   ERROR | 	-[0x80000474]:fclass.d t4, fs3
   ERROR | 	-[0x80000478]:csrrs a7, fflags, zero
   ERROR | 	-[0x8000047c]:sd t4, 128(a5)
   ERROR | Current Store : [0x80000480] : sd a7, 136(a5) -- Store: [0x80002398]:0x0000000000000000
   ERROR | Last Coverpoint : ['rd : x28', 'rs1 : f7', 'fs1 == 1 and fe1 == 0x7ff and fm1 == 0x0000000000000 and rm_val == 1  #nosat']
   ERROR | Last Code Sequence : 
   ERROR | 	-[0x8000048c]:fclass.d t3, ft7
   ERROR | 	-[0x80000490]:csrrs a7, fflags, zero
   ERROR | 	-[0x80000494]:sd t3, 144(a5)
   ERROR | Current Store : [0x80000498] : sd a7, 152(a5) -- Store: [0x800023a8]:0x0000000000000000
   ERROR | Last Coverpoint : ['rd : x17', 'rs1 : f21', 'fs1 == 0 and fe1 == 0x7ff and fm1 == 0x0000000000000 and rm_val == 1  #nosat']
   ERROR | Last Code Sequence : 
   ERROR | 	-[0x800004b0]:fclass.d a7, fs5
   ERROR | 	-[0x800004b4]:csrrs s5, fflags, zero
   ERROR | 	-[0x800004b8]:sd a7, 0(s3)
   ERROR | Current Store : [0x800004bc] : sd s5, 8(s3) -- Store: [0x800023b8]:0x0000000000000000
   ERROR | Last Coverpoint : ['rd : x22', 'rs1 : f5', 'fs1 == 1 and fe1 == 0x7fe and fm1 == 0xfffffffffffff and rm_val == 1  #nosat']
   ERROR | Last Code Sequence : 
   ERROR | 	-[0x800004d4]:fclass.d s6, ft5
   ERROR | 	-[0x800004d8]:csrrs a7, fflags, zero
   ERROR | 	-[0x800004dc]:sd s6, 0(a5)
   ERROR | Current Store : [0x800004e0] : sd a7, 8(a5) -- Store: [0x800023c8]:0x0000000000000000
   ERROR | Last Coverpoint : ['rd : x8', 'rs1 : f9', 'fs1 == 0 and fe1 == 0x7fe and fm1 == 0xfffffffffffff and rm_val == 1  #nosat']
   ERROR | Last Code Sequence : 
   ERROR | 	-[0x800004ec]:fclass.d fp, fs1
   ERROR | 	-[0x800004f0]:csrrs a7, fflags, zero
   ERROR | 	-[0x800004f4]:sd fp, 16(a5)
   ERROR | Current Store : [0x800004f8] : sd a7, 24(a5) -- Store: [0x800023d8]:0x0000000000000000
   ERROR | Last Coverpoint : ['rd : x11', 'rs1 : f3', 'fs1 == 1 and fe1 == 0x001 and fm1 == 0x0000000000002 and rm_val == 1  #nosat']
   ERROR | Last Code Sequence : 
   ERROR | 	-[0x80000504]:fclass.d a1, ft3
   ERROR | 	-[0x80000508]:csrrs a7, fflags, zero
   ERROR | 	-[0x8000050c]:sd a1, 32(a5)
   ERROR | Current Store : [0x80000510] : sd a7, 40(a5) -- Store: [0x800023e8]:0x0000000000000000
   ERROR | Last Coverpoint : ['rd : x25', 'rs1 : f2', 'fs1 == 0 and fe1 == 0x001 and fm1 == 0x0000000000002 and rm_val == 1  #nosat']
   ERROR | Last Code Sequence : 
   ERROR | 	-[0x8000051c]:fclass.d s9, ft2
   ERROR | 	-[0x80000520]:csrrs a7, fflags, zero
   ERROR | 	-[0x80000524]:sd s9, 48(a5)
   ERROR | Current Store : [0x80000528] : sd a7, 56(a5) -- Store: [0x800023f8]:0x0000000000000000
   ERROR | Last Coverpoint : ['rd : x14', 'rs1 : f14', 'fs1 == 1 and fe1 == 0x001 and fm1 == 0x0000000000000 and rm_val == 1  #nosat']
   ERROR | Last Code Sequence : 
   ERROR | 	-[0x80000534]:fclass.d a4, fa4
   ERROR | 	-[0x80000538]:csrrs a7, fflags, zero
   ERROR | 	-[0x8000053c]:sd a4, 64(a5)
   ERROR | Current Store : [0x80000540] : sd a7, 72(a5) -- Store: [0x80002408]:0x0000000000000000
   ERROR | Last Coverpoint : ['rd : x16', 'rs1 : f13', 'fs1 == 0 and fe1 == 0x001 and fm1 == 0x0000000000000 and rm_val == 1  #nosat']
   ERROR | Last Code Sequence : 
   ERROR | 	-[0x80000558]:fclass.d a6, fa3
   ERROR | 	-[0x8000055c]:csrrs s5, fflags, zero
   ERROR | 	-[0x80000560]:sd a6, 0(s3)
   ERROR | Current Store : [0x80000564] : sd s5, 8(s3) -- Store: [0x80002418]:0x0000000000000000
   ERROR | Last Coverpoint : ['rd : x26', 'rs1 : f8', 'fs1 == 1 and fe1 == 0x000 and fm1 == 0xfffffffffffff and rm_val == 1  #nosat']
   ERROR | Last Code Sequence : 
   ERROR | 	-[0x8000057c]:fclass.d s10, fs0
   ERROR | 	-[0x80000580]:csrrs a7, fflags, zero
   ERROR | 	-[0x80000584]:sd s10, 0(a5)
   ERROR | Current Store : [0x80000588] : sd a7, 8(a5) -- Store: [0x80002428]:0x0000000000000000
   ERROR | Last Coverpoint : ['rd : x10', 'rs1 : f17', 'fs1 == 0 and fe1 == 0x000 and fm1 == 0xfffffffffffff and rm_val == 1  #nosat']
   ERROR | Last Code Sequence : 
   ERROR | 	-[0x80000594]:fclass.d a0, fa7
   ERROR | 	-[0x80000598]:csrrs a7, fflags, zero
   ERROR | 	-[0x8000059c]:sd a0, 16(a5)
   ERROR | Current Store : [0x800005a0] : sd a7, 24(a5) -- Store: [0x80002438]:0x0000000000000000
   ERROR | Last Coverpoint : ['rd : x27', 'rs1 : f25', 'fs1 == 1 and fe1 == 0x000 and fm1 == 0x0000000000002 and rm_val == 1  #nosat']
   ERROR | Last Code Sequence : 
   ERROR | 	-[0x800005ac]:fclass.d s11, fs9
   ERROR | 	-[0x800005b0]:csrrs a7, fflags, zero
   ERROR | 	-[0x800005b4]:sd s11, 32(a5)
   ERROR | Current Store : [0x800005b8] : sd a7, 40(a5) -- Store: [0x80002448]:0x0000000000000000
   ERROR | Last Coverpoint : ['rd : x20', 'rs1 : f6', 'fs1 == 0 and fe1 == 0x000 and fm1 == 0x0000000000002 and rm_val == 1  #nosat']
   ERROR | Last Code Sequence : 
   ERROR | 	-[0x800005c4]:fclass.d s4, ft6
   ERROR | 	-[0x800005c8]:csrrs a7, fflags, zero
   ERROR | 	-[0x800005cc]:sd s4, 48(a5)
   ERROR | Current Store : [0x800005d0] : sd a7, 56(a5) -- Store: [0x80002458]:0x0000000000000000
   ERROR | Last Coverpoint : ['rd : x15', 'rs1 : f16', 'fs1 == 1 and fe1 == 0x000 and fm1 == 0x0000000000001 and rm_val == 1  #nosat']
   ERROR | Last Code Sequence : 
   ERROR | 	-[0x800005e8]:fclass.d a5, fa6
   ERROR | 	-[0x800005ec]:csrrs s5, fflags, zero
   ERROR | 	-[0x800005f0]:sd a5, 0(s3)
   ERROR | Current Store : [0x800005f4] : sd s5, 8(s3) -- Store: [0x80002468]:0x0000000000000000
   ERROR | Last Coverpoint : ['rd : x5', 'rs1 : f4', 'fs1 == 0 and fe1 == 0x000 and fm1 == 0x0000000000001 and rm_val == 1  #nosat']
   ERROR | Last Code Sequence : 
   ERROR | 	-[0x8000060c]:fclass.d t0, ft4
   ERROR | 	-[0x80000610]:csrrs a7, fflags, zero
   ERROR | 	-[0x80000614]:sd t0, 0(a5)
   ERROR | Current Store : [0x80000618] : sd a7, 8(a5) -- Store: [0x80002478]:0x0000000000000000
   ERROR | Last Coverpoint : ['rd : x23', 'rs1 : f10', 'fs1 == 1 and fe1 == 0x000 and fm1 == 0x0000000000000 and rm_val == 1  #nosat']
   ERROR | Last Code Sequence : 
   ERROR | 	-[0x80000624]:fclass.d s7, fa0
   ERROR | 	-[0x80000628]:csrrs a7, fflags, zero
   ERROR | 	-[0x8000062c]:sd s7, 16(a5)
   ERROR | Current Store : [0x80000630] : sd a7, 24(a5) -- Store: [0x80002488]:0x0000000000000000
   ERROR | Last Coverpoint : ['rd : x2', 'rs1 : f15']
   ERROR | Last Code Sequence : 
   ERROR | 	-[0x8000063c]:fclass.d sp, fa5
   ERROR | 	-[0x80000640]:csrrs a7, fflags, zero
   ERROR | 	-[0x80000644]:sd sp, 32(a5)
   ERROR | Current Store : [0x80000648] : sd a7, 40(a5) -- Store: [0x80002498]:0x0000000000000000
   ERROR | Last Coverpoint : ['rd : x19', 'rs1 : f20']
   ERROR | Last Code Sequence : 
   ERROR | 	-[0x80000654]:fclass.d s3, fs4
   ERROR | 	-[0x80000658]:csrrs a7, fflags, zero
   ERROR | 	-[0x8000065c]:sd s3, 48(a5)
   ERROR | Current Store : [0x80000660] : sd a7, 56(a5) -- Store: [0x800024a8]:0x0000000000000000
   ERROR | Last Coverpoint : ['rd : x30', 'rs1 : f28']
   ERROR | Last Code Sequence : 
   ERROR | 	-[0x8000066c]:fclass.d t5, ft8
   ERROR | 	-[0x80000670]:csrrs a7, fflags, zero
   ERROR | 	-[0x80000674]:sd t5, 64(a5)
   ERROR | Current Store : [0x80000678] : sd a7, 72(a5) -- Store: [0x800024b8]:0x0000000000000000
   ERROR | Last Coverpoint : ['rd : x18', 'rs1 : f11']
   ERROR | Last Code Sequence : 
   ERROR | 	-[0x80000684]:fclass.d s2, fa1
   ERROR | 	-[0x80000688]:csrrs a7, fflags, zero
   ERROR | 	-[0x8000068c]:sd s2, 80(a5)
   ERROR | Current Store : [0x80000690] : sd a7, 88(a5) -- Store: [0x800024c8]:0x0000000000000000
   ERROR | Last Coverpoint : ['rd : x1', 'rs1 : f18']
   ERROR | Last Code Sequence : 
   ERROR | 	-[0x8000069c]:fclass.d ra, fs2
   ERROR | 	-[0x800006a0]:csrrs a7, fflags, zero
   ERROR | 	-[0x800006a4]:sd ra, 96(a5)
   ERROR | Current Store : [0x800006a8] : sd a7, 104(a5) -- Store: [0x800024d8]:0x0000000000000000
   ERROR | Last Coverpoint : ['rd : x4', 'rs1 : f31']
   ERROR | Last Code Sequence : 
   ERROR | 	-[0x800006b4]:fclass.d tp, ft11
   ERROR | 	-[0x800006b8]:csrrs a7, fflags, zero
   ERROR | 	-[0x800006bc]:sd tp, 112(a5)
   ERROR | Current Store : [0x800006c0] : sd a7, 120(a5) -- Store: [0x800024e8]:0x0000000000000000
   ERROR | Last Coverpoint : ['rd : x9', 'rs1 : f1']
   ERROR | Last Code Sequence : 
   ERROR | 	-[0x800006cc]:fclass.d s1, ft1
   ERROR | 	-[0x800006d0]:csrrs a7, fflags, zero
   ERROR | 	-[0x800006d4]:sd s1, 128(a5)
   ERROR | Current Store : [0x800006d8] : sd a7, 136(a5) -- Store: [0x800024f8]:0x0000000000000000
   ERROR | Last Coverpoint : ['rd : x12', 'rs1 : f24']
   ERROR | Last Code Sequence : 
   ERROR | 	-[0x800006e4]:fclass.d a2, fs8
   ERROR | 	-[0x800006e8]:csrrs a7, fflags, zero
   ERROR | 	-[0x800006ec]:sd a2, 144(a5)
   ERROR | Current Store : [0x800006f0] : sd a7, 152(a5) -- Store: [0x80002508]:0x0000000000000000
[31m WARNING | [31mOp without unique coverpoint updates Signature
[31m WARNING | [31m -- Code Sequence:
[31m WARNING | [31m      [0x800006fc]:fclass.d t6, ft11
[31m WARNING | [31m      [0x80000700]:csrrs a7, fflags, zero
[31m WARNING | [31m      [0x80000704]:sd t6, 160(a5)
[31m WARNING | [31m -- Signature Address: 0x80002510 Data: 0x0000000000000200
[31m WARNING | [31m -- Redundant Coverpoints hit by the op
[31m WARNING | [31m      - opcode : fclass.d
[31m WARNING | [31m      - rd : x31
[31m WARNING | [31m      - rs1 : f31
[31m WARNING | [31m      - fs1 == 0 and fe1 == 0x7ff and fm1 == 0x8000000000001 and rm_val == 1  #nosat
   ERROR | Last Coverpoint : ['opcode : fclass.d', 'rd : x31', 'rs1 : f31', 'fs1 == 0 and fe1 == 0x7ff and fm1 == 0x8000000000001 and rm_val == 1  #nosat']
   ERROR | Last Code Sequence : 
   ERROR | 	-[0x800006fc]:fclass.d t6, ft11
   ERROR | 	-[0x80000700]:csrrs a7, fflags, zero
   ERROR | 	-[0x80000704]:sd t6, 160(a5)
   ERROR | Current Store : [0x80000708] : sd a7, 168(a5) -- Store: [0x80002518]:0x0000000000000000
    INFO | Writing out updated cgf : /home/riscv/RRF/Reports/2022-05-03_12:33:59.495877/fclass/fclass/work/fclass_b1-01.S/ref.cgf
    INFO | Creating Data Propagation Report : /home/riscv/RRF/Reports/2022-05-03_12:33:59.495877/fclass/fclass/work/fclass_b1-01.S/ref.md
    INFO | Report File Generated : /home/riscv/RRF/Reports/2022-05-03_12:33:59.495877/fclass/fclass/work/fclass_b1-01.S/coverage.rpt
    INFO | Merging Coverage reports
   DEBUG | Generated   24 64-bit coverpoints using Model B1 for fclass.d !
   DEBUG | Suite path is not a git repository.
    INFO | Test report generated at /home/riscv/RRF/Reports/2022-05-03_12:33:59.495877/fclass/fclass/work/coverage.html.